{"C:\\Users\\User\\Desktop\\обучение джаваскрипт\\продвинутый ДС\\ajs-06.1\\src\\index.js": {"path":"C:\\Users\\User\\Desktop\\обучение джаваскрипт\\продвинутый ДС\\ajs-06.1\\src\\index.js","statementMap":{"0":{"start":{"line":2,"column":25},"end":{"line":2,"column":27}},"1":{"start":{"line":3,"column":22},"end":{"line":3,"column":24}},"2":{"start":{"line":6,"column":4},"end":{"line":10,"column":5}},"3":{"start":{"line":7,"column":6},"end":{"line":9,"column":7}},"4":{"start":{"line":8,"column":8},"end":{"line":8,"column":59}},"5":{"start":{"line":13,"column":23},"end":{"line":13,"column":82}},"6":{"start":{"line":13,"column":61},"end":{"line":13,"column":81}},"7":{"start":{"line":15,"column":4},"end":{"line":17,"column":5}},"8":{"start":{"line":16,"column":6},"end":{"line":16,"column":47}},"9":{"start":{"line":19,"column":4},"end":{"line":19,"column":43}},"10":{"start":{"line":22,"column":12},"end":{"line":22,"column":77}},"11":{"start":{"line":23,"column":14},"end":{"line":23,"column":31}},"12":{"start":{"line":25,"column":0},"end":{"line":25,"column":38}},"13":{"start":{"line":27,"column":0},"end":{"line":27,"column":34}}},"fnMap":{"0":{"name":"orderByProps","decl":{"start":{"line":1,"column":9},"end":{"line":1,"column":21}},"loc":{"start":{"line":1,"column":34},"end":{"line":20,"column":3}},"line":1},"1":{"name":"(anonymous_1)","decl":{"start":{"line":13,"column":54},"end":{"line":13,"column":55}},"loc":{"start":{"line":13,"column":61},"end":{"line":13,"column":81}},"line":13}},"branchMap":{"0":{"loc":{"start":{"line":7,"column":6},"end":{"line":9,"column":7}},"type":"if","locations":[{"start":{"line":7,"column":6},"end":{"line":9,"column":7}},{"start":{},"end":{}}],"line":7}},"s":{"0":2,"1":2,"2":2,"3":4,"4":4,"5":2,"6":10,"7":2,"8":6,"9":2,"10":1,"11":1,"12":1,"13":1},"f":{"0":2,"1":10},"b":{"0":[4,0]},"_coverageSchema":"1a1c01bbd47fc00a2c39e90264f33305004495a9","hash":"90f229a03ab410332fd8db384a2418e3de87d39c"}
}
